2026-04-03 08:47:12,121 - ERROR - HTTP Error 404: {"quoteSummary":{"result":null,"error":{"code":"Not Found","description":"Quote not found for symbol: QUBE.AX"}}}
2026-04-03 08:47:13,014 - ERROR - $QUBE.AX: possibly delisted; no price data found  (period=3mo) (Yahoo error = "No data found, symbol may be delisted")
2026-04-03 08:47:13,017 - ERROR - 
1 Failed download:
2026-04-03 08:47:13,017 - ERROR - ['QUBE.AX']: possibly delisted; no price data found  (period=3mo) (Yahoo error = "No data found, symbol may be delisted")
2026-04-03 08:47:15,260 - ERROR - $SVW.AX: possibly delisted; no price data found  (period=3mo) (Yahoo error = "No data found, symbol may be delisted")
2026-04-03 08:47:15,260 - ERROR - 
1 Failed download:
2026-04-03 08:47:15,260 - ERROR - ['SVW.AX']: possibly delisted; no price data found  (period=3mo) (Yahoo error = "No data found, symbol may be delisted")
2026-04-03 08:47:19,556 - ERROR - $QUBE.AX: possibly delisted; no price data found  (period=3mo) (Yahoo error = "No data found, symbol may be delisted")
2026-04-03 08:47:19,561 - ERROR - 
1 Failed download:
2026-04-03 08:47:19,561 - ERROR - ['QUBE.AX']: possibly delisted; no price data found  (period=3mo) (Yahoo error = "No data found, symbol may be delisted")
2026-04-03 08:47:20,471 - ERROR - $SVW.AX: possibly delisted; no price data found  (period=3mo) (Yahoo error = "No data found, symbol may be delisted")
2026-04-03 08:47:20,479 - ERROR - 
1 Failed download:
2026-04-03 08:47:20,480 - ERROR - ['SVW.AX']: possibly delisted; no price data found  (period=3mo) (Yahoo error = "No data found, symbol may be delisted")
2026-04-03 08:51:12,659 - ERROR - HTTP Error 404: {"quoteSummary":{"result":null,"error":{"code":"Not Found","description":"Quote not found for symbol: QUBE.AX"}}}
2026-04-03 08:51:13,593 - ERROR - $QUBE.AX: possibly delisted; no price data found  (period=3mo) (Yahoo error = "No data found, symbol may be delisted")
2026-04-03 08:51:13,597 - ERROR - 
1 Failed download:
2026-04-03 08:51:13,597 - ERROR - ['QUBE.AX']: possibly delisted; no price data found  (period=3mo) (Yahoo error = "No data found, symbol may be delisted")
2026-04-03 08:51:16,051 - ERROR - $SVW.AX: possibly delisted; no price data found  (period=3mo) (Yahoo error = "No data found, symbol may be delisted")
2026-04-03 08:51:16,051 - ERROR - 
1 Failed download:
2026-04-03 08:51:16,051 - ERROR - ['SVW.AX']: possibly delisted; no price data found  (period=3mo) (Yahoo error = "No data found, symbol may be delisted")
2026-04-03 08:51:20,329 - ERROR - $QUBE.AX: possibly delisted; no price data found  (period=3mo) (Yahoo error = "No data found, symbol may be delisted")
2026-04-03 08:51:20,331 - ERROR - 
1 Failed download:
2026-04-03 08:51:20,331 - ERROR - ['QUBE.AX']: possibly delisted; no price data found  (period=3mo) (Yahoo error = "No data found, symbol may be delisted")
2026-04-03 08:51:21,710 - ERROR - $SVW.AX: possibly delisted; no price data found  (period=3mo) (Yahoo error = "No data found, symbol may be delisted")
2026-04-03 08:51:21,711 - ERROR - 
1 Failed download:
2026-04-03 08:51:21,711 - ERROR - ['SVW.AX']: possibly delisted; no price data found  (period=3mo) (Yahoo error = "No data found, symbol may be delisted")
2026-04-03 08:56:51,464 - ERROR - $QUBE.AX: possibly delisted; no price data found  (period=3mo) (Yahoo error = "No data found, symbol may be delisted")
2026-04-03 08:56:51,474 - ERROR - 
1 Failed download:
2026-04-03 08:56:51,474 - ERROR - ['QUBE.AX']: possibly delisted; no price data found  (period=3mo) (Yahoo error = "No data found, symbol may be delisted")
2026-04-03 08:56:52,403 - ERROR - $SVW.AX: possibly delisted; no price data found  (period=3mo) (Yahoo error = "No data found, symbol may be delisted")
2026-04-03 08:56:52,415 - ERROR - 
1 Failed download:
2026-04-03 08:56:52,415 - ERROR - ['SVW.AX']: possibly delisted; no price data found  (period=3mo) (Yahoo error = "No data found, symbol may be delisted")
2026-04-03 08:56:56,997 - ERROR - $QUBE.AX: possibly delisted; no price data found  (period=3mo) (Yahoo error = "No data found, symbol may be delisted")
2026-04-03 08:56:56,997 - ERROR - 
1 Failed download:
2026-04-03 08:56:56,997 - ERROR - ['QUBE.AX']: possibly delisted; no price data found  (period=3mo) (Yahoo error = "No data found, symbol may be delisted")
2026-04-03 08:56:57,875 - ERROR - $SVW.AX: possibly delisted; no price data found  (period=3mo) (Yahoo error = "No data found, symbol may be delisted")
2026-04-03 08:56:57,883 - ERROR - 
1 Failed download:
2026-04-03 08:56:57,883 - ERROR - ['SVW.AX']: possibly delisted; no price data found  (period=3mo) (Yahoo error = "No data found, symbol may be delisted")
2026-04-03 09:13:50,994 - ERROR - HTTP Error 404: {"quoteSummary":{"result":null,"error":{"code":"Not Found","description":"Quote not found for symbol: QUBE.AX"}}}
2026-04-03 09:13:51,854 - ERROR - $QUBE.AX: possibly delisted; no price data found  (period=3mo) (Yahoo error = "No data found, symbol may be delisted")
2026-04-03 09:13:51,860 - ERROR - 
1 Failed download:
2026-04-03 09:13:51,860 - ERROR - ['QUBE.AX']: possibly delisted; no price data found  (period=3mo) (Yahoo error = "No data found, symbol may be delisted")
2026-04-03 09:13:54,042 - ERROR - $SVW.AX: possibly delisted; no price data found  (period=3mo) (Yahoo error = "No data found, symbol may be delisted")
2026-04-03 09:13:54,045 - ERROR - 
1 Failed download:
2026-04-03 09:13:54,045 - ERROR - ['SVW.AX']: possibly delisted; no price data found  (period=3mo) (Yahoo error = "No data found, symbol may be delisted")
2026-04-03 09:13:58,522 - ERROR - $QUBE.AX: possibly delisted; no price data found  (period=3mo) (Yahoo error = "No data found, symbol may be delisted")
2026-04-03 09:13:58,531 - ERROR - 
1 Failed download:
2026-04-03 09:13:58,532 - ERROR - ['QUBE.AX']: possibly delisted; no price data found  (period=3mo) (Yahoo error = "No data found, symbol may be delisted")
2026-04-03 09:13:59,396 - ERROR - $SVW.AX: possibly delisted; no price data found  (period=3mo) (Yahoo error = "No data found, symbol may be delisted")
2026-04-03 09:13:59,401 - ERROR - 
1 Failed download:
2026-04-03 09:13:59,402 - ERROR - ['SVW.AX']: possibly delisted; no price data found  (period=3mo) (Yahoo error = "No data found, symbol may be delisted")
2026-04-03 09:14:28,514 - ERROR - $QUBE.AX: possibly delisted; no price data found  (period=3mo) (Yahoo error = "No data found, symbol may be delisted")
2026-04-03 09:14:28,518 - ERROR - 
1 Failed download:
2026-04-03 09:14:28,518 - ERROR - ['QUBE.AX']: possibly delisted; no price data found  (period=3mo) (Yahoo error = "No data found, symbol may be delisted")
2026-04-03 09:14:29,434 - ERROR - $SVW.AX: possibly delisted; no price data found  (period=3mo) (Yahoo error = "No data found, symbol may be delisted")
2026-04-03 09:14:29,441 - ERROR - 
1 Failed download:
2026-04-03 09:14:29,442 - ERROR - ['SVW.AX']: possibly delisted; no price data found  (period=3mo) (Yahoo error = "No data found, symbol may be delisted")
2026-04-03 09:14:33,590 - ERROR - $QUBE.AX: possibly delisted; no price data found  (period=3mo) (Yahoo error = "No data found, symbol may be delisted")
2026-04-03 09:14:33,600 - ERROR - 
1 Failed download:
2026-04-03 09:14:33,601 - ERROR - ['QUBE.AX']: possibly delisted; no price data found  (period=3mo) (Yahoo error = "No data found, symbol may be delisted")
2026-04-03 09:14:34,506 - ERROR - $SVW.AX: possibly delisted; no price data found  (period=3mo) (Yahoo error = "No data found, symbol may be delisted")
2026-04-03 09:14:34,507 - ERROR - 
1 Failed download:
2026-04-03 09:14:34,507 - ERROR - ['SVW.AX']: possibly delisted; no price data found  (period=3mo) (Yahoo error = "No data found, symbol may be delisted")
